<?xml version="1.0" encoding="UTF-8"?>
<!-- Generated by org.testng.reporters.JUnitReportReporter -->
<testsuite name="com.toolsQA.testNG.pack.ReporterLogs" tests="1" time="2.636" ignored="0" failures="0" timestamp="08 May 2017 10:25:14 GMT" skipped="0" hostname="PTD23504" errors="0">
  <testcase name="actualTest" time="2.636" classname="com.toolsQA.testNG.pack.ReporterLogs"/>
</testsuite> <!-- com.toolsQA.testNG.pack.ReporterLogs -->
